<?xml version="1.0" encoding="UTF-8"?>
<!-- Generated by org.testng.reporters.JUnitReportReporter -->
<testsuite hostname="admin-PC" failures="0" tests="2" name="sauceDemo.TC004_Parameter" time="10.356" errors="0" timestamp="2023-10-17T13:01:45 IST" skipped="0">
  <testcase classname="sauceDemo.TC004_Parameter" name="AddToCart" time="8.702"/>
  <system-out/>
  <testcase classname="sauceDemo.TC004_Parameter" name="AddToCart" time="1.654"/>
  <system-out/>
</testsuite> <!-- sauceDemo.TC004_Parameter -->
