<?xml version="1.0" encoding="UTF-8"?>
<!-- Generated by org.testng.reporters.JUnitReportReporter -->
<testsuite hostname="admin-PC" failures="0" tests="1" name="sauceDemo.TC001_AddToCart" time="29.672" errors="0" timestamp="2023-10-21T19:25:34 IST" skipped="0">
  <testcase classname="sauceDemo.TC001_AddToCart" name="AddToCart" time="29.672"/>
  <system-out/>
</testsuite> <!-- sauceDemo.TC001_AddToCart -->
