<?xml version="1.0" encoding="UTF-8"?>
<!-- Generated by org.testng.reporters.JUnitReportReporter -->
<testsuite hostname="admin-PC" failures="0" tests="1" name="sauceDemo.AssertionTest1" time="17.283" errors="0" timestamp="2023-10-17T15:06:22 IST" skipped="0">
  <testcase classname="sauceDemo.AssertionTest1" name="AssertTest" time="17.283"/>
  <system-out/>
</testsuite> <!-- sauceDemo.AssertionTest1 -->
