<?xml version="1.0" encoding="UTF-8"?>
<!-- Generated by org.testng.reporters.JUnitReportReporter -->
<testsuite hostname="admin-PC" failures="0" tests="1" name="sauceDemo.TC002_AddRemCart" time="16.614" errors="0" timestamp="2023-10-16T16:43:36 IST" skipped="0">
  <testcase classname="sauceDemo.TC002_AddRemCart" name="AddRemoveCart" time="16.614"/>
  <system-out/>
</testsuite> <!-- sauceDemo.TC002_AddRemCart -->
