<?xml version="1.0" encoding="UTF-8"?>
<!-- Generated by org.testng.reporters.JUnitReportReporter -->
<testsuite hostname="admin-PC" failures="0" tests="2" name="core.TempFile" time="39.583" errors="0" timestamp="2023-10-21T19:30:47 IST" skipped="0">
  <testcase classname="core.TempFile" name="addToCart" time="35.360"/>
  <system-out/>
  <testcase classname="core.TempFile" name="addToCart" time="4.223"/>
  <system-out/>
</testsuite> <!-- core.TempFile -->
