<?xml version="1.0" encoding="UTF-8"?>
<!-- Generated by org.testng.reporters.JUnitReportReporter -->
<testsuite hostname="admin-PC" failures="0" tests="3" name="sauceDemo.TC003_AddRemv" time="10.944" errors="0" timestamp="2023-10-16T17:34:05 IST" skipped="1">
  <testcase classname="sauceDemo.TC003_AddRemv" name="AddToCart" time="9.238"/>
  <system-out/>
  <testcase classname="sauceDemo.TC003_AddRemv" name="AddToCart" time="1.706"/>
  <system-out/>
  <testcase classname="sauceDemo.TC003_AddRemv" name="AddRemoveCart">
    <skipped/>
  </testcase> <!-- AddRemoveCart -->
  <system-out/>
</testsuite> <!-- sauceDemo.TC003_AddRemv -->
